<?xml version="1.0" encoding="UTF-8"?>
<!-- Generated by org.testng.reporters.JUnitReportReporter -->
<testsuite hostname="DESKTOP-CTN8QTI" failures="0" tests="1" name="Runner.TestRunner" time="27.806" errors="0" timestamp="01 Jul 2021 08:03:35 GMT" skipped="0">
  <testcase classname="Runner.TestRunner" name="runScenario" time="27.806"/>
</testsuite> <!-- Runner.TestRunner -->
