<?xml version="1.0" encoding="UTF-8"?>
<!-- Generated by org.testng.reporters.JUnitReportReporter -->
<testsuite hostname="DESKTOP-CTN8QTI" failures="0" tests="1" name="Runner.TestRunner" time="17.335" errors="0" timestamp="01 Jul 2021 07:19:10 GMT" skipped="0">
  <testcase classname="Runner.TestRunner" name="runScenario" time="17.335"/>
</testsuite> <!-- Runner.TestRunner -->
